<?xml version="1.0" encoding="UTF-8"?>
<testsuite xmlns:xsi="http://www.w3.org/2001/XMLSchema-instance" xsi:noNamespaceSchemaLocation="https://maven.apache.org/surefire/maven-surefire-plugin/xsd/surefire-test-report-3.0.xsd" version="3.0" name="Services.LoginServiceTest" time="0.002" tests="4" errors="0" skipped="0" failures="4">
  <properties>
[...]
</properties>
  <testcase name="Services.LoginServiceTest.testGoodToken" classname="Services.LoginServiceTest" time="0">
    <failure message="Cannot invoke &quot;Services.LoginService.checkToken(String)&quot; because &quot;this.loginService&quot; is null" type="java.lang.NullPointerException">java.lang.NullPointerException: Cannot invoke "Services.LoginService.checkToken(String)" because "this.loginService" is null
	at Services.LoginServiceTest.testGoodToken(LoginServiceTest.java:92)
</failure>
  </testcase>
  <testcase name="Services.LoginServiceTest.testBadToken" classname="Services.LoginServiceTest" time="0">
    <failure message="Unexpected exception type thrown, expected: &lt;Services.Exceptions.AuthenticationException&gt; but was: &lt;java.lang.NullPointerException&gt;" type="org.opentest4j.AssertionFailedError"><![CDATA[org.opentest4j.AssertionFailedError: Unexpected exception type thrown, expected: <Services.Exceptions.AuthenticationException> but was: <java.lang.NullPointerException>
	at org.junit.jupiter.api.AssertionFailureBuilder.build(AssertionFailureBuilder.java:151)
	at org.junit.jupiter.api.AssertThrows.assertThrows(AssertThrows.java:67)
	at org.junit.jupiter.api.AssertThrows.assertThrows(AssertThrows.java:35)
	at org.junit.jupiter.api.Assertions.assertThrows(Assertions.java:3082)
	at Services.LoginServiceTest.testBadToken(LoginServiceTest.java:102)
Caused by: java.lang.NullPointerException: Cannot invoke "Services.LoginService.checkToken(String)" because "this.loginService" is null
	at Services.LoginServiceTest.lambda$testBadToken$3(LoginServiceTest.java:102)
	at org.junit.jupiter.api.AssertThrows.assertThrows(AssertThrows.java:53)
	... 14 more
]]></failure>
  </testcase>
  <testcase name="Services.LoginServiceTest.testTokenSQLError" classname="Services.LoginServiceTest" time="0">
    <failure message="Unexpected exception type thrown, expected: &lt;java.sql.SQLException&gt; but was: &lt;java.lang.NullPointerException&gt;" type="org.opentest4j.AssertionFailedError"><![CDATA[org.opentest4j.AssertionFailedError: Unexpected exception type thrown, expected: <java.sql.SQLException> but was: <java.lang.NullPointerException>
	at org.junit.jupiter.api.AssertionFailureBuilder.build(AssertionFailureBuilder.java:151)
	at org.junit.jupiter.api.AssertThrows.assertThrows(AssertThrows.java:67)
	at org.junit.jupiter.api.AssertThrows.assertThrows(AssertThrows.java:35)
	at org.junit.jupiter.api.Assertions.assertThrows(Assertions.java:3082)
	at Services.LoginServiceTest.testTokenSQLError(LoginServiceTest.java:108)
Caused by: java.lang.NullPointerException: Cannot invoke "Services.LoginService.checkToken(String)" because "this.loginService" is null
	at Services.LoginServiceTest.lambda$testTokenSQLError$4(LoginServiceTest.java:108)
	at org.junit.jupiter.api.AssertThrows.assertThrows(AssertThrows.java:53)
	... 14 more
]]></failure>
  </testcase>
  <testcase name="Services.LoginServiceTest.testLoginSQLError" classname="Services.LoginServiceTest" time="0">
    <failure message="Unexpected exception type thrown, expected: &lt;java.sql.SQLException&gt; but was: &lt;java.lang.NullPointerException&gt;" type="org.opentest4j.AssertionFailedError"><![CDATA[org.opentest4j.AssertionFailedError: Unexpected exception type thrown, expected: <java.sql.SQLException> but was: <java.lang.NullPointerException>
	at org.junit.jupiter.api.AssertionFailureBuilder.build(AssertionFailureBuilder.java:151)
	at org.junit.jupiter.api.AssertThrows.assertThrows(AssertThrows.java:67)
	at org.junit.jupiter.api.AssertThrows.assertThrows(AssertThrows.java:35)
	at org.junit.jupiter.api.Assertions.assertThrows(Assertions.java:3082)
	at Services.LoginServiceTest.testLoginSQLError(LoginServiceTest.java:85)
Caused by: java.lang.NullPointerException: Cannot invoke "Services.LoginService.attemptLogin(Services.Login)" because "this.loginService" is null
	at Services.LoginServiceTest.lambda$testLoginSQLError$2(LoginServiceTest.java:85)
	at org.junit.jupiter.api.AssertThrows.assertThrows(AssertThrows.java:53)
	... 14 more
]]></failure>
  </testcase>
</testsuite>