<?xml version="1.0" encoding="UTF-8"?>
<testsuite xmlns:xsi="http://www.w3.org/2001/XMLSchema-instance" xsi:noNamespaceSchemaLocation="https://maven.apache.org/surefire/maven-surefire-plugin/xsd/surefire-test-report-3.0.xsd" version="3.0" name="Resources.PlaylistsResourceTest" time="0.011" tests="18" errors="0" skipped="0" failures="18">
  <properties>
[...]
</properties>
  <testcase name="Resources.PlaylistsResourceTest.testCorrectAddTrackToPL" classname="Resources.PlaylistsResourceTest" time="0">
    <failure message="Cannot invoke &quot;Presentation.Resources.PlaylistsResource.addTrackToPlaylist(String, java.lang.Long, Services.JSONDTO.TrackDTO)&quot; because &quot;this.plRes&quot; is null" type="java.lang.NullPointerException">java.lang.NullPointerException: Cannot invoke "Presentation.Resources.PlaylistsResource.addTrackToPlaylist(String, java.lang.Long, Services.JSONDTO.TrackDTO)" because "this.plRes" is null
	at Resources.PlaylistsResourceTest.testCorrectAddTrackToPL(PlaylistsResourceTest.java:228)
</failure>
  </testcase>
  <testcase name="Resources.PlaylistsResourceTest.testInvalidPlaylistIdAddTrackToPL" classname="Resources.PlaylistsResourceTest" time="0.001">
    <failure message="Cannot invoke &quot;Presentation.Resources.PlaylistsResource.addTrackToPlaylist(String, java.lang.Long, Services.JSONDTO.TrackDTO)&quot; because &quot;this.plRes&quot; is null" type="java.lang.NullPointerException">java.lang.NullPointerException: Cannot invoke "Presentation.Resources.PlaylistsResource.addTrackToPlaylist(String, java.lang.Long, Services.JSONDTO.TrackDTO)" because "this.plRes" is null
	at Resources.PlaylistsResourceTest.testInvalidPlaylistIdAddTrackToPL(PlaylistsResourceTest.java:238)
</failure>
  </testcase>
  <testcase name="Resources.PlaylistsResourceTest.testInvalidTrackIdAddTrackToPL" classname="Resources.PlaylistsResourceTest" time="0">
    <failure message="Cannot invoke &quot;Presentation.Resources.PlaylistsResource.addTrackToPlaylist(String, java.lang.Long, Services.JSONDTO.TrackDTO)&quot; because &quot;this.plRes&quot; is null" type="java.lang.NullPointerException">java.lang.NullPointerException: Cannot invoke "Presentation.Resources.PlaylistsResource.addTrackToPlaylist(String, java.lang.Long, Services.JSONDTO.TrackDTO)" because "this.plRes" is null
	at Resources.PlaylistsResourceTest.testInvalidTrackIdAddTrackToPL(PlaylistsResourceTest.java:246)
</failure>
  </testcase>
  <testcase name="Resources.PlaylistsResourceTest.testCorrectRemoveTrackFromPL" classname="Resources.PlaylistsResourceTest" time="0">
    <failure message="Cannot invoke &quot;Presentation.Resources.PlaylistsResource.removeTrackFromPlaylist(String, java.lang.Long, java.lang.Long)&quot; because &quot;this.plRes&quot; is null" type="java.lang.NullPointerException">java.lang.NullPointerException: Cannot invoke "Presentation.Resources.PlaylistsResource.removeTrackFromPlaylist(String, java.lang.Long, java.lang.Long)" because "this.plRes" is null
	at Resources.PlaylistsResourceTest.testCorrectRemoveTrackFromPL(PlaylistsResourceTest.java:253)
</failure>
  </testcase>
  <testcase name="Resources.PlaylistsResourceTest.testInvalidPLidRemoveTrackFromPL" classname="Resources.PlaylistsResourceTest" time="0">
    <failure message="Cannot invoke &quot;Presentation.Resources.PlaylistsResource.removeTrackFromPlaylist(String, java.lang.Long, java.lang.Long)&quot; because &quot;this.plRes&quot; is null" type="java.lang.NullPointerException">java.lang.NullPointerException: Cannot invoke "Presentation.Resources.PlaylistsResource.removeTrackFromPlaylist(String, java.lang.Long, java.lang.Long)" because "this.plRes" is null
	at Resources.PlaylistsResourceTest.testInvalidPLidRemoveTrackFromPL(PlaylistsResourceTest.java:262)
</failure>
  </testcase>
  <testcase name="Resources.PlaylistsResourceTest.testWrongTokenGetAllPL" classname="Resources.PlaylistsResourceTest" time="0">
    <failure message="Cannot invoke &quot;Presentation.Resources.PlaylistsResource.getAllPlaylists(String)&quot; because &quot;this.plRes&quot; is null" type="java.lang.NullPointerException">java.lang.NullPointerException: Cannot invoke "Presentation.Resources.PlaylistsResource.getAllPlaylists(String)" because "this.plRes" is null
	at Resources.PlaylistsResourceTest.testWrongTokenGetAllPL(PlaylistsResourceTest.java:136)
</failure>
  </testcase>
  <testcase name="Resources.PlaylistsResourceTest.testInvalidTokenDeletePL" classname="Resources.PlaylistsResourceTest" time="0.001">
    <failure message="Cannot invoke &quot;Presentation.Resources.PlaylistsResource.deletePlaylist(String, java.lang.Long)&quot; because &quot;this.plRes&quot; is null" type="java.lang.NullPointerException">java.lang.NullPointerException: Cannot invoke "Presentation.Resources.PlaylistsResource.deletePlaylist(String, java.lang.Long)" because "this.plRes" is null
	at Resources.PlaylistsResourceTest.testInvalidTokenDeletePL(PlaylistsResourceTest.java:158)
</failure>
  </testcase>
  <testcase name="Resources.PlaylistsResourceTest.testSomeInternalErrorAddPL" classname="Resources.PlaylistsResourceTest" time="0">
    <failure message="Cannot invoke &quot;Presentation.Resources.PlaylistsResource.addPlaylist(String, Services.JSONDTO.PlaylistDTO)&quot; because &quot;this.plRes&quot; is null" type="java.lang.NullPointerException">java.lang.NullPointerException: Cannot invoke "Presentation.Resources.PlaylistsResource.addPlaylist(String, Services.JSONDTO.PlaylistDTO)" because "this.plRes" is null
	at Resources.PlaylistsResourceTest.testSomeInternalErrorAddPL(PlaylistsResourceTest.java:182)
</failure>
  </testcase>
  <testcase name="Resources.PlaylistsResourceTest.testWrongPlaylistIdEditPL" classname="Resources.PlaylistsResourceTest" time="0">
    <failure message="Cannot invoke &quot;Presentation.Resources.PlaylistsResource.editPlaylist(String, java.lang.Long, Services.JSONDTO.PlaylistDTO)&quot; because &quot;this.plRes&quot; is null" type="java.lang.NullPointerException">java.lang.NullPointerException: Cannot invoke "Presentation.Resources.PlaylistsResource.editPlaylist(String, java.lang.Long, Services.JSONDTO.PlaylistDTO)" because "this.plRes" is null
	at Resources.PlaylistsResourceTest.testWrongPlaylistIdEditPL(PlaylistsResourceTest.java:203)
</failure>
  </testcase>
  <testcase name="Resources.PlaylistsResourceTest.testCorrectGetFromPL" classname="Resources.PlaylistsResourceTest" time="0.003">
    <failure message="Cannot invoke &quot;Presentation.Resources.PlaylistsResource.getTracksFromPlaylist(String, java.lang.Long)&quot; because &quot;this.plRes&quot; is null" type="java.lang.NullPointerException">java.lang.NullPointerException: Cannot invoke "Presentation.Resources.PlaylistsResource.getTracksFromPlaylist(String, java.lang.Long)" because "this.plRes" is null
	at Resources.PlaylistsResourceTest.testCorrectGetFromPL(PlaylistsResourceTest.java:210)
</failure>
  </testcase>
  <testcase name="Resources.PlaylistsResourceTest.testInvalidPlaylistIdGetFromPL" classname="Resources.PlaylistsResourceTest" time="0">
    <failure message="Cannot invoke &quot;Presentation.Resources.PlaylistsResource.getTracksFromPlaylist(String, java.lang.Long)&quot; because &quot;this.plRes&quot; is null" type="java.lang.NullPointerException">java.lang.NullPointerException: Cannot invoke "Presentation.Resources.PlaylistsResource.getTracksFromPlaylist(String, java.lang.Long)" because "this.plRes" is null
	at Resources.PlaylistsResourceTest.testInvalidPlaylistIdGetFromPL(PlaylistsResourceTest.java:219)
</failure>
  </testcase>
  <testcase name="Resources.PlaylistsResourceTest.testCorrectGetAllPL" classname="Resources.PlaylistsResourceTest" time="0">
    <failure message="Cannot invoke &quot;Presentation.Resources.PlaylistsResource.getAllPlaylists(String)&quot; because &quot;this.plRes&quot; is null" type="java.lang.NullPointerException">java.lang.NullPointerException: Cannot invoke "Presentation.Resources.PlaylistsResource.getAllPlaylists(String)" because "this.plRes" is null
	at Resources.PlaylistsResourceTest.testCorrectGetAllPL(PlaylistsResourceTest.java:127)
</failure>
  </testcase>
  <testcase name="Resources.PlaylistsResourceTest.testWrongUserIdGetAllPL" classname="Resources.PlaylistsResourceTest" time="0.001">
    <failure message="Cannot invoke &quot;Presentation.Resources.PlaylistsResource.getAllPlaylists(String)&quot; because &quot;this.plRes&quot; is null" type="java.lang.NullPointerException">java.lang.NullPointerException: Cannot invoke "Presentation.Resources.PlaylistsResource.getAllPlaylists(String)" because "this.plRes" is null
	at Resources.PlaylistsResourceTest.testWrongUserIdGetAllPL(PlaylistsResourceTest.java:142)
</failure>
  </testcase>
  <testcase name="Resources.PlaylistsResourceTest.testCorrectDeletePlaylist" classname="Resources.PlaylistsResourceTest" time="0">
    <failure message="Cannot invoke &quot;Presentation.Resources.PlaylistsResource.deletePlaylist(String, java.lang.Long)&quot; because &quot;this.plRes&quot; is null" type="java.lang.NullPointerException">java.lang.NullPointerException: Cannot invoke "Presentation.Resources.PlaylistsResource.deletePlaylist(String, java.lang.Long)" because "this.plRes" is null
	at Resources.PlaylistsResourceTest.testCorrectDeletePlaylist(PlaylistsResourceTest.java:149)
</failure>
  </testcase>
  <testcase name="Resources.PlaylistsResourceTest.testInvalidPlaylistIdDeletePL" classname="Resources.PlaylistsResourceTest" time="0">
    <failure message="Cannot invoke &quot;Presentation.Resources.PlaylistsResource.deletePlaylist(String, java.lang.Long)&quot; because &quot;this.plRes&quot; is null" type="java.lang.NullPointerException">java.lang.NullPointerException: Cannot invoke "Presentation.Resources.PlaylistsResource.deletePlaylist(String, java.lang.Long)" because "this.plRes" is null
	at Resources.PlaylistsResourceTest.testInvalidPlaylistIdDeletePL(PlaylistsResourceTest.java:164)
</failure>
  </testcase>
  <testcase name="Resources.PlaylistsResourceTest.testCorrectEditPL" classname="Resources.PlaylistsResourceTest" time="0">
    <failure message="Cannot invoke &quot;Presentation.Resources.PlaylistsResource.editPlaylist(String, java.lang.Long, Services.JSONDTO.PlaylistDTO)&quot; because &quot;this.plRes&quot; is null" type="java.lang.NullPointerException">java.lang.NullPointerException: Cannot invoke "Presentation.Resources.PlaylistsResource.editPlaylist(String, java.lang.Long, Services.JSONDTO.PlaylistDTO)" because "this.plRes" is null
	at Resources.PlaylistsResourceTest.testCorrectEditPL(PlaylistsResourceTest.java:190)
</failure>
  </testcase>
  <testcase name="Resources.PlaylistsResourceTest.testCorrectAddPL" classname="Resources.PlaylistsResourceTest" time="0.001">
    <failure message="Cannot invoke &quot;Presentation.Resources.PlaylistsResource.addPlaylist(String, Services.JSONDTO.PlaylistDTO)&quot; because &quot;this.plRes&quot; is null" type="java.lang.NullPointerException">java.lang.NullPointerException: Cannot invoke "Presentation.Resources.PlaylistsResource.addPlaylist(String, Services.JSONDTO.PlaylistDTO)" because "this.plRes" is null
	at Resources.PlaylistsResourceTest.testCorrectAddPL(PlaylistsResourceTest.java:172)
</failure>
  </testcase>
  <testcase name="Resources.PlaylistsResourceTest.testInvalidTrackIdRemoveTrackFromPL" classname="Resources.PlaylistsResourceTest" time="0.001">
    <failure message="Cannot invoke &quot;Presentation.Resources.PlaylistsResource.removeTrackFromPlaylist(String, java.lang.Long, java.lang.Long)&quot; because &quot;this.plRes&quot; is null" type="java.lang.NullPointerException">java.lang.NullPointerException: Cannot invoke "Presentation.Resources.PlaylistsResource.removeTrackFromPlaylist(String, java.lang.Long, java.lang.Long)" because "this.plRes" is null
	at Resources.PlaylistsResourceTest.testInvalidTrackIdRemoveTrackFromPL(PlaylistsResourceTest.java:268)
</failure>
  </testcase>
</testsuite>